SF:lib/ui.dart
DA:23,1
DA:29,1
DA:31,1
DA:33,1
DA:34,2
DA:36,1
DA:37,1
DA:39,1
DA:40,1
DA:41,1
DA:43,1
DA:45,2
DA:46,1
DA:47,1
DA:53,1
DA:58,1
DA:66,1
DA:71,1
DA:72,2
DA:74,1
DA:75,1
DA:77,1
DA:78,1
DA:80,1
DA:81,1
DA:82,1
DA:97,1
DA:102,1
DA:104,1
DA:106,1
DA:115,1
DA:117,1
DA:118,3
DA:119,3
DA:120,3
DA:121,4
DA:124,1
DA:125,2
DA:126,1
DA:127,3
DA:128,2
DA:132,1
DA:134,1
DA:135,2
DA:137,1
DA:138,1
DA:140,1
DA:141,1
DA:142,1
DA:144,1
DA:146,2
DA:147,3
DA:157,1
DA:161,1
DA:163,1
DA:164,1
DA:170,1
DA:172,1
DA:173,3
DA:176,1
DA:178,1
DA:179,2
DA:181,1
DA:182,1
DA:184,1
DA:185,1
DA:187,1
DA:189,5
DA:190,1
DA:192,1
DA:193,1
DA:197,1
DA:198,2
DA:199,1
DA:201,3
DA:214,1
DA:218,1
DA:220,1
DA:222,2
DA:223,1
DA:224,2
DA:225,1
DA:226,1
DA:227,1
DA:228,1
DA:230,1
DA:231,1
DA:232,1
DA:233,1
DA:234,1
DA:236,1
DA:244,2
DA:246,1
DA:247,1
DA:254,1
DA:256,1
DA:257,1
DA:259,1
DA:260,0
DA:262,2
DA:263,0
DA:264,0
DA:267,1
DA:268,2
DA:270,1
DA:271,1
DA:273,1
DA:275,1
DA:276,1
DA:278,1
DA:279,1
DA:280,4
DA:281,1
DA:282,1
DA:283,1
DA:284,1
DA:286,1
DA:287,1
DA:289,0
DA:292,1
DA:293,1
DA:294,1
DA:295,1
DA:296,2
DA:297,2
DA:298,2
DA:299,2
DA:300,2
DA:302,0
DA:307,1
DA:309,1
DA:310,1
DA:311,1
DA:312,4
DA:313,1
DA:315,4
DA:316,3
DA:317,1
DA:318,4
DA:319,1
DA:325,1
DA:327,1
DA:329,1
DA:330,1
DA:331,2
DA:332,1
DA:334,3
DA:335,3
DA:337,1
DA:347,1
DA:348,3
DA:350,1
DA:351,1
DA:352,2
DA:353,0
LF:155
LH:149
end_of_record
SF:lib/data.dart
DA:36,1
DA:40,1
DA:42,1
DA:44,1
DA:45,2
DA:47,1
DA:48,1
DA:50,1
DA:51,1
DA:52,1
DA:55,1
DA:56,2
DA:57,1
DA:58,1
DA:59,1
DA:60,1
DA:62,1
DA:63,1
DA:65,1
DA:67,1
DA:68,1
DA:70,1
DA:72,1
DA:73,1
DA:76,1
DA:77,1
DA:78,3
DA:80,1
DA:91,3
DA:99,0
DA:100,0
DA:101,0
DA:102,0
DA:103,0
DA:104,0
DA:107,0
DA:108,0
DA:109,0
DA:110,0
DA:111,0
DA:116,1
DA:120,3
DA:124,3
DA:126,1
DA:127,2
DA:132,3
DA:134,1
DA:135,2
DA:140,3
DA:144,3
DA:145,3
DA:147,0
DA:148,0
DA:153,3
DA:154,1
DA:155,1
DA:156,1
DA:157,1
DA:158,1
DA:159,1
DA:160,1
DA:161,1
DA:162,1
DA:163,1
DA:164,1
DA:165,1
DA:166,1
DA:167,1
DA:168,1
DA:169,1
DA:181,2
DA:183,1
DA:184,2
DA:185,1
DA:189,1
DA:190,3
DA:195,0
DA:196,0
DA:197,0
DA:199,0
DA:200,0
DA:202,0
DA:207,1
DA:208,2
DA:209,3
DA:210,1
DA:211,1
DA:215,1
DA:216,2
DA:217,1
DA:224,4
DA:226,1
DA:227,2
DA:228,2
DA:229,2
DA:230,2
DA:231,2
DA:232,3
DA:233,5
DA:234,3
DA:235,1
DA:238,3
DA:241,1
DA:243,2
DA:244,1
DA:246,1
DA:251,1
DA:253,2
DA:255,2
DA:256,2
DA:257,1
DA:260,1
DA:261,2
DA:262,3
DA:263,4
DA:266,2
DA:267,4
DA:270,1
DA:273,1
DA:274,1
DA:280,3
DA:282,1
DA:283,1
DA:284,1
DA:287,0
DA:288,0
DA:295,1
DA:296,2
DA:299,1
DA:300,1
DA:302,1
DA:303,1
DA:304,1
DA:305,1
DA:306,1
DA:307,1
DA:308,0
DA:309,0
DA:310,0
DA:311,0
DA:313,1
DA:316,1
DA:317,2
DA:318,3
DA:319,2
DA:320,4
DA:325,1
DA:326,1
DA:327,2
DA:329,1
DA:330,1
DA:331,1
DA:333,1
DA:344,1
DA:345,1
DA:348,1
DA:349,1
DA:350,1
LF:158
LH:133
end_of_record
SF:lib/providers/provider_weather.dart
DA:18,3
DA:60,1
DA:67,2
DA:68,2
DA:69,1
DA:70,1
DA:71,1
DA:74,2
DA:75,2
DA:76,1
DA:77,1
DA:78,1
DA:92,1
DA:103,2
DA:104,1
DA:105,1
DA:106,1
DA:107,1
DA:108,1
DA:109,1
DA:110,5
DA:111,2
DA:114,2
DA:115,1
DA:116,1
DA:117,1
DA:118,1
DA:119,1
DA:120,1
DA:121,1
DA:122,0
DA:123,1
DA:124,2
DA:128,0
DA:130,0
DA:131,0
DA:134,0
DA:135,0
DA:137,0
DA:142,0
DA:147,0
DA:149,0
DA:150,0
DA:152,0
DA:156,0
DA:158,0
DA:159,0
DA:160,0
DA:162,0
DA:163,0
DA:164,0
DA:165,0
DA:166,0
DA:167,0
DA:168,0
DA:169,0
DA:170,0
DA:171,0
DA:177,0
DA:180,0
DA:181,0
DA:182,0
DA:185,1
DA:186,1
DA:187,2
DA:189,2
DA:191,2
DA:193,1
DA:195,1
DA:197,1
DA:203,0
DA:204,0
DA:205,0
DA:208,0
DA:209,0
DA:214,0
DA:215,0
DA:217,0
DA:220,0
DA:224,0
DA:227,0
DA:228,0
DA:231,0
DA:233,0
DA:236,0
DA:238,0
DA:239,0
DA:240,0
DA:242,0
DA:243,0
DA:244,0
DA:247,0
DA:248,0
DA:252,0
DA:254,0
DA:256,0
DA:258,0
DA:260,0
DA:266,0
DA:267,0
DA:268,0
DA:269,0
DA:271,0
DA:272,0
DA:273,0
DA:274,0
DA:275,0
DA:276,0
DA:278,0
DA:280,0
DA:281,0
DA:282,0
DA:283,0
DA:284,0
DA:285,0
DA:286,0
DA:289,0
DA:290,0
DA:291,0
DA:292,0
DA:293,0
DA:294,0
DA:300,0
DA:308,0
DA:310,0
DA:312,0
DA:314,0
DA:316,0
DA:318,0
DA:320,0
DA:322,0
DA:325,0
DA:327,0
DA:329,0
DA:330,0
DA:335,0
DA:337,0
DA:339,0
DA:341,0
DA:343,0
DA:345,0
DA:347,0
DA:348,0
DA:358,1
DA:362,1
DA:364,1
DA:365,1
DA:371,0
DA:372,0
DA:374,0
DA:376,0
DA:377,0
DA:381,1
DA:383,2
DA:384,2
DA:385,1
DA:387,1
DA:388,2
DA:389,2
DA:401,1
DA:402,2
DA:403,1
DA:404,1
DA:405,1
DA:408,1
DA:409,1
DA:411,1
DA:412,1
DA:413,1
DA:414,4
DA:415,1
DA:416,1
DA:418,1
DA:419,1
DA:420,3
DA:421,1
DA:426,1
DA:428,1
DA:434,1
DA:435,1
DA:436,0
DA:439,0
DA:441,1
DA:442,2
DA:447,3
DA:448,1
DA:449,1
DA:450,2
DA:451,5
DA:454,1
DA:455,1
DA:456,1
DA:457,5
DA:458,1
DA:459,1
DA:460,3
DA:461,1
DA:465,4
DA:466,4
DA:468,1
DA:470,4
DA:471,4
DA:473,1
DA:474,5
DA:475,2
DA:476,1
DA:477,3
DA:479,1
DA:480,1
DA:481,1
DA:482,1
DA:483,2
DA:484,1
DA:485,1
DA:486,5
DA:487,1
DA:492,1
LF:217
LH:107
end_of_record
SF:lib/providers/provider_app.dart
DA:17,3
DA:23,0
DA:24,0
DA:25,0
DA:26,0
DA:30,0
DA:31,0
DA:32,0
DA:33,0
DA:34,0
DA:35,0
DA:36,0
DA:37,0
DA:38,0
DA:39,0
DA:40,0
DA:41,0
DA:42,0
DA:43,0
DA:44,0
DA:45,0
DA:46,0
DA:47,0
DA:50,0
DA:51,0
DA:52,0
DA:55,0
DA:58,0
DA:60,0
DA:61,0
DA:62,0
DA:63,0
DA:64,0
DA:65,0
DA:67,0
DA:69,0
DA:72,0
DA:73,0
DA:74,0
DA:76,0
DA:77,0
DA:78,0
DA:80,0
DA:82,0
DA:83,0
DA:84,0
DA:86,0
DA:88,0
DA:89,0
DA:90,0
DA:94,0
DA:97,3
DA:98,3
DA:105,4
DA:106,3
DA:107,3
DA:109,1
DA:110,2
DA:111,2
DA:112,2
DA:113,2
DA:115,3
DA:116,2
DA:117,2
DA:118,2
DA:121,1
DA:128,1
DA:129,1
DA:130,1
DA:133,3
DA:134,2
DA:147,1
DA:148,3
DA:149,5
DA:150,4
DA:153,3
DA:155,3
DA:157,3
DA:159,6
DA:161,3
DA:163,1
DA:164,2
DA:165,1
DA:168,1
DA:169,1
DA:172,1
DA:173,1
DA:177,1
DA:178,2
DA:179,1
DA:180,1
DA:181,2
DA:182,5
DA:186,0
DA:192,1
DA:193,2
DA:194,1
DA:195,1
DA:196,2
DA:197,0
DA:201,0
DA:205,2
DA:206,5
DA:209,1
DA:212,1
DA:213,1
DA:217,2
DA:218,5
DA:219,1
DA:221,2
DA:222,6
DA:223,1
DA:225,1
DA:226,1
DA:228,0
DA:232,1
DA:233,5
DA:234,3
DA:236,3
DA:237,3
DA:238,5
DA:239,4
DA:240,4
DA:243,1
DA:244,1
DA:247,1
DA:248,2
DA:249,2
DA:250,1
DA:251,1
DA:254,1
DA:255,2
DA:256,2
DA:257,2
DA:258,2
DA:260,2
DA:261,2
DA:263,1
DA:264,1
DA:268,3
DA:271,1
DA:272,1
DA:276,1
DA:278,2
DA:279,1
DA:280,2
DA:281,1
DA:283,1
DA:285,1
DA:286,5
DA:297,1
DA:298,1
DA:302,1
DA:304,2
DA:305,1
DA:306,2
DA:307,1
DA:309,1
DA:310,1
DA:314,1
DA:315,0
DA:316,0
DA:317,0
DA:318,0
DA:319,0
DA:320,0
DA:322,0
DA:323,0
DA:324,0
DA:329,0
DA:330,0
DA:331,0
DA:332,0
DA:351,0
DA:352,0
DA:354,0
DA:355,0
DA:358,0
DA:364,0
DA:365,0
DA:366,0
DA:367,0
DA:369,0
DA:370,0
DA:372,0
DA:373,0
DA:374,0
DA:379,0
DA:380,0
DA:381,0
DA:388,1
DA:389,1
DA:393,1
DA:394,1
DA:396,2
DA:397,1
DA:398,1
DA:399,1
DA:400,1
DA:401,2
DA:402,1
DA:404,1
DA:405,2
DA:406,1
DA:412,1
DA:413,2
DA:414,2
DA:418,1
DA:420,1
DA:421,2
DA:423,3
DA:425,1
DA:426,2
DA:427,1
DA:428,1
DA:429,1
DA:432,1
DA:433,1
DA:435,1
DA:436,2
DA:437,1
DA:439,1
DA:440,5
DA:441,2
DA:442,1
DA:443,1
DA:444,2
DA:446,1
DA:447,3
DA:454,1
DA:455,1
DA:456,1
DA:457,1
DA:458,6
DA:461,1
DA:463,1
DA:464,1
DA:465,1
DA:466,1
DA:467,2
DA:468,1
DA:469,1
DA:470,1
DA:479,1
DA:482,2
DA:483,2
DA:484,2
DA:485,0
DA:486,0
DA:488,0
DA:492,1
DA:496,0
DA:497,1
DA:498,2
DA:499,3
DA:500,1
DA:503,3
LF:257
LH:169
end_of_record
SF:lib/providers/provider_battery.dart
DA:8,0
DA:10,3
DA:16,0
DA:17,0
DA:18,0
DA:21,0
DA:22,0
DA:27,0
DA:28,0
DA:29,0
DA:31,0
DA:32,0
DA:33,0
DA:37,0
DA:38,0
DA:47,2
DA:48,0
DA:49,0
DA:50,2
DA:52,0
DA:54,0
DA:55,0
DA:56,0
DA:57,0
DA:59,0
DA:60,0
DA:61,0
DA:62,0
DA:65,0
DA:67,0
DA:71,0
DA:73,0
DA:74,0
DA:75,0
DA:76,0
DA:78,0
DA:84,1
DA:85,1
DA:89,1
DA:91,1
DA:93,1
DA:94,1
DA:95,2
DA:96,1
DA:97,1
DA:98,1
DA:99,1
DA:100,1
DA:101,1
DA:102,1
DA:109,0
DA:110,0
DA:111,0
DA:113,0
DA:114,0
DA:115,0
DA:116,0
DA:117,0
DA:120,0
DA:121,0
DA:123,0
DA:124,0
DA:125,0
DA:126,0
DA:127,0
DA:128,0
DA:130,0
DA:131,0
DA:132,0
DA:133,0
DA:138,0
DA:140,0
DA:146,0
DA:147,0
DA:148,0
DA:159,0
DA:163,0
DA:164,0
DA:165,0
DA:166,0
DA:167,0
DA:168,0
DA:172,0
DA:174,0
DA:176,0
DA:178,0
DA:180,0
DA:182,0
DA:187,0
DA:188,0
DA:189,0
DA:190,0
DA:191,0
LF:93
LH:17
end_of_record
SF:lib/providers/provider_calculator.dart
DA:7,0
DA:9,3
DA:15,0
DA:16,0
DA:17,0
DA:20,0
DA:21,0
DA:26,0
DA:27,0
DA:28,0
DA:30,0
DA:31,0
DA:32,0
DA:36,0
DA:37,0
DA:45,1
DA:60,2
DA:61,2
DA:62,2
DA:63,3
DA:64,3
DA:66,1
DA:67,1
DA:68,2
DA:69,1
DA:72,1
DA:73,1
DA:74,2
DA:77,1
DA:78,4
DA:79,1
DA:81,2
DA:83,1
DA:86,1
DA:87,2
DA:89,2
DA:90,0
DA:92,4
DA:93,1
DA:95,1
DA:98,1
DA:99,2
DA:100,0
DA:101,2
DA:102,2
DA:104,1
DA:107,1
DA:108,1
DA:109,1
DA:110,1
DA:111,2
DA:114,1
DA:115,2
DA:116,0
DA:119,3
DA:120,6
DA:122,1
DA:124,1
DA:127,1
DA:128,2
DA:130,3
DA:131,1
DA:134,1
DA:135,1
DA:137,1
DA:139,1
DA:140,1
DA:141,1
DA:142,1
DA:143,3
DA:145,1
DA:146,1
DA:147,3
DA:148,1
DA:152,1
DA:153,2
DA:156,2
DA:157,1
DA:158,2
DA:159,1
DA:161,0
DA:162,0
DA:166,1
DA:167,4
DA:169,2
DA:170,3
DA:172,3
DA:174,1
DA:177,0
DA:178,0
DA:179,0
DA:180,0
DA:184,1
DA:185,2
DA:186,1
DA:187,2
DA:190,1
DA:191,2
DA:193,1
DA:194,1
DA:197,1
DA:198,1
DA:201,3
DA:202,1
DA:203,3
DA:204,1
DA:205,1
DA:208,6
DA:211,1
DA:214,1
DA:217,1
DA:218,1
DA:224,1
DA:225,4
DA:228,1
DA:229,4
DA:232,1
DA:233,1
DA:234,1
DA:236,3
DA:237,1
DA:239,1
DA:240,0
DA:241,1
DA:242,0
DA:243,0
DA:244,0
DA:245,0
DA:246,0
DA:248,0
DA:249,1
DA:250,1
DA:251,0
DA:252,0
DA:253,0
DA:254,0
DA:256,1
DA:258,2
DA:262,1
DA:263,1
DA:264,1
DA:265,1
DA:266,2
DA:269,2
DA:272,0
DA:273,0
DA:274,0
DA:278,1
DA:280,2
DA:281,2
DA:282,2
DA:283,1
DA:284,2
DA:285,1
DA:290,1
DA:291,2
DA:292,2
DA:294,1
DA:295,2
DA:296,2
DA:300,1
DA:301,3
DA:304,1
DA:307,3
DA:308,2
DA:314,1
DA:315,1
DA:321,1
DA:323,1
DA:324,2
DA:326,1
DA:327,1
DA:328,2
DA:329,1
DA:330,1
DA:331,1
DA:332,1
DA:333,1
DA:334,1
DA:335,1
DA:342,1
DA:343,2
DA:344,1
DA:345,1
DA:346,1
DA:348,1
DA:349,1
DA:351,1
DA:352,1
DA:354,1
DA:356,1
DA:358,1
DA:359,1
DA:360,0
DA:361,0
DA:362,0
DA:363,0
DA:364,0
DA:365,0
DA:368,1
DA:369,0
DA:370,0
DA:371,0
DA:373,0
DA:374,0
DA:381,1
DA:382,1
DA:383,1
DA:390,1
DA:391,1
DA:393,1
DA:394,1
DA:395,1
DA:396,1
DA:401,1
DA:402,3
DA:404,1
DA:405,1
DA:406,1
DA:407,1
DA:408,1
DA:410,1
DA:412,1
DA:413,1
DA:414,1
DA:415,1
DA:417,1
DA:420,1
DA:421,1
DA:422,1
DA:423,1
DA:434,1
DA:435,1
DA:436,1
DA:437,2
DA:438,2
DA:439,2
DA:440,2
DA:441,2
DA:446,1
DA:447,1
DA:448,5
DA:452,1
DA:453,3
DA:454,2
DA:455,2
DA:461,1
DA:462,1
DA:464,1
DA:465,1
DA:467,1
DA:468,1
DA:471,1
DA:472,1
DA:473,1
DA:474,0
DA:475,1
DA:476,1
DA:478,1
DA:480,1
DA:482,1
DA:483,1
DA:485,1
DA:497,0
DA:499,0
DA:500,0
DA:502,0
DA:503,0
DA:505,0
DA:506,0
DA:508,0
DA:509,0
DA:511,0
DA:512,0
DA:514,0
DA:515,0
DA:516,0
DA:517,0
DA:518,0
DA:520,0
DA:521,0
DA:524,0
DA:525,0
DA:530,0
DA:531,0
DA:532,0
DA:533,0
DA:535,0
DA:536,0
DA:537,0
DA:538,0
DA:541,0
DA:542,0
DA:543,0
DA:544,0
DA:546,0
DA:547,0
DA:548,0
DA:556,0
DA:557,0
DA:559,0
DA:560,0
DA:561,0
DA:562,0
DA:563,0
DA:564,0
DA:565,0
DA:567,0
DA:568,0
DA:569,0
DA:575,0
DA:576,0
LF:312
LH:214
end_of_record
SF:lib/providers/provider_flashlight.dart
DA:8,0
DA:10,3
DA:16,0
DA:17,0
DA:18,0
DA:21,0
DA:22,0
DA:27,0
DA:28,0
DA:29,0
DA:31,0
DA:32,0
DA:33,0
DA:37,0
DA:38,0
DA:46,2
DA:47,2
DA:48,2
DA:50,1
DA:52,1
DA:53,0
DA:54,0
DA:55,0
DA:57,3
DA:58,1
DA:59,1
DA:60,1
DA:64,0
DA:65,0
DA:66,0
DA:71,0
DA:72,0
DA:73,0
DA:74,0
DA:76,0
DA:77,0
DA:78,0
DA:80,0
DA:82,0
DA:86,0
DA:87,0
DA:90,0
DA:91,0
DA:92,0
DA:93,0
DA:95,0
DA:99,0
DA:100,0
DA:103,0
DA:104,0
DA:105,0
DA:106,0
DA:108,0
DA:112,1
DA:113,1
DA:118,1
DA:119,1
DA:123,1
DA:125,1
DA:127,1
DA:128,1
DA:129,2
DA:130,1
DA:131,1
DA:132,1
DA:133,1
DA:134,1
DA:135,1
DA:136,1
DA:143,0
DA:144,0
DA:145,0
DA:146,0
DA:147,0
DA:148,0
DA:149,0
DA:150,0
DA:151,0
DA:152,0
DA:153,0
DA:155,0
DA:156,0
DA:165,0
DA:166,0
DA:167,0
DA:169,0
DA:170,0
DA:171,0
DA:172,0
DA:173,0
DA:175,0
DA:176,0
DA:177,0
DA:178,0
DA:179,0
DA:180,0
DA:181,0
DA:182,0
DA:190,0
DA:191,0
DA:192,0
DA:193,0
LF:102
LH:26
end_of_record
SF:lib/providers/provider_notes.dart
DA:8,0
DA:10,3
DA:16,0
DA:17,0
DA:18,0
DA:21,0
DA:22,0
DA:24,0
DA:25,0
DA:27,0
DA:32,0
DA:33,0
DA:34,0
DA:36,0
DA:37,0
DA:38,0
DA:42,0
DA:43,0
DA:46,0
DA:47,0
DA:49,0
DA:53,0
DA:54,0
DA:56,0
DA:67,3
DA:68,0
DA:69,2
DA:70,3
DA:72,1
DA:73,2
DA:74,1
DA:75,1
DA:76,5
DA:77,1
DA:80,1
DA:81,1
DA:84,1
DA:86,0
DA:90,1
DA:91,1
DA:95,0
DA:96,0
DA:98,0
DA:102,0
DA:103,0
DA:104,0
DA:105,0
DA:108,1
DA:109,2
DA:111,3
DA:113,3
DA:114,2
DA:117,1
DA:118,1
DA:119,4
DA:120,3
DA:123,1
DA:124,4
DA:125,2
DA:126,1
DA:130,3
DA:131,1
DA:132,1
DA:133,3
DA:136,1
DA:137,4
DA:139,2
DA:140,1
DA:141,1
DA:142,3
DA:145,1
DA:146,2
DA:147,1
DA:148,1
DA:149,2
DA:154,1
DA:155,1
DA:159,1
DA:161,1
DA:163,1
DA:164,1
DA:165,2
DA:166,1
DA:167,1
DA:168,1
DA:169,1
DA:170,1
DA:171,1
DA:172,1
DA:179,1
DA:180,2
DA:181,1
DA:182,1
DA:183,1
DA:186,1
DA:187,1
DA:189,1
DA:190,1
DA:192,1
DA:194,1
DA:196,1
DA:197,1
DA:198,0
DA:199,0
DA:200,0
DA:202,0
DA:203,0
DA:206,1
DA:207,1
DA:208,0
DA:215,1
DA:216,1
DA:217,1
DA:218,1
DA:219,1
DA:221,1
DA:223,4
DA:228,0
DA:230,0
DA:231,0
DA:232,0
DA:233,0
DA:234,0
DA:243,0
DA:244,0
DA:246,0
DA:249,0
DA:250,0
DA:252,0
DA:256,0
DA:257,0
DA:258,0
DA:259,0
DA:260,0
DA:261,0
DA:267,0
DA:268,0
DA:270,0
DA:271,0
DA:272,0
DA:273,0
DA:274,0
DA:275,0
DA:276,0
DA:278,0
DA:279,0
DA:280,0
DA:286,0
DA:287,0
DA:293,0
DA:294,0
DA:300,0
DA:302,0
DA:303,0
DA:306,0
DA:308,0
DA:309,0
DA:310,0
DA:311,0
DA:313,0
DA:315,0
DA:319,0
DA:320,0
DA:321,0
DA:322,0
DA:324,0
DA:325,0
DA:326,0
DA:327,0
DA:328,0
DA:331,0
DA:342,0
DA:347,0
DA:348,0
DA:354,0
DA:356,0
DA:357,0
DA:360,0
DA:362,0
DA:363,0
DA:366,0
DA:368,0
DA:369,0
DA:370,0
DA:371,0
DA:373,0
DA:375,0
DA:379,0
DA:380,0
DA:381,0
DA:382,0
DA:384,0
DA:385,0
DA:386,0
DA:387,0
DA:389,0
LF:196
LH:79
end_of_record
SF:lib/providers/provider_stopwatch.dart
DA:8,0
DA:10,3
DA:16,0
DA:17,0
DA:18,0
DA:21,0
DA:22,0
DA:27,0
DA:28,0
DA:29,0
DA:31,0
DA:32,0
DA:33,0
DA:37,0
DA:38,0
DA:47,1
DA:54,1
DA:55,2
DA:58,1
DA:59,2
DA:62,1
DA:63,1
DA:64,1
DA:65,2
DA:66,1
DA:67,2
DA:69,1
DA:70,0
DA:72,7
DA:85,2
DA:86,2
DA:87,2
DA:88,3
DA:89,3
DA:90,4
DA:92,1
DA:93,2
DA:94,1
DA:95,2
DA:96,1
DA:97,3
DA:99,1
DA:100,0
DA:102,7
DA:105,1
DA:106,1
DA:107,2
DA:108,1
DA:111,1
DA:112,1
DA:113,2
DA:116,1
DA:117,1
DA:119,1
DA:120,4
DA:121,2
DA:122,1
DA:125,2
DA:126,1
DA:129,1
DA:130,1
DA:132,2
DA:133,1
DA:134,1
DA:136,4
DA:137,1
DA:140,1
DA:141,2
DA:142,1
DA:143,1
DA:144,1
DA:145,1
DA:146,2
DA:148,2
DA:149,1
DA:152,1
DA:153,3
DA:155,3
DA:156,2
DA:160,3
DA:161,1
DA:162,3
DA:163,1
DA:165,1
DA:168,2
DA:169,2
DA:171,5
DA:172,1
DA:175,1
DA:176,2
DA:177,2
DA:179,2
DA:180,1
DA:185,1
DA:186,1
DA:192,1
DA:194,1
DA:195,2
DA:197,1
DA:198,1
DA:199,2
DA:200,1
DA:201,1
DA:202,1
DA:203,1
DA:204,1
DA:205,1
DA:206,1
DA:213,1
DA:214,2
DA:215,1
DA:216,1
DA:217,1
DA:220,1
DA:221,1
DA:223,1
DA:224,1
DA:226,1
DA:228,1
DA:230,1
DA:231,1
DA:232,0
DA:233,0
DA:234,0
DA:235,0
DA:236,0
DA:237,0
DA:240,1
DA:241,1
DA:242,1
DA:243,0
DA:245,1
DA:246,1
DA:253,1
DA:254,1
DA:255,1
DA:262,1
DA:263,3
DA:265,1
DA:267,1
DA:268,1
DA:269,1
DA:270,1
DA:271,1
DA:272,1
DA:274,1
DA:275,1
DA:276,1
DA:283,1
DA:284,1
DA:286,1
DA:287,1
DA:288,1
DA:289,1
DA:290,1
DA:291,1
DA:292,1
DA:293,1
DA:294,1
DA:297,1
DA:298,0
DA:299,0
DA:300,0
DA:301,0
DA:302,0
DA:303,0
DA:304,0
DA:308,1
DA:309,1
DA:310,1
DA:311,1
DA:312,1
DA:313,1
DA:314,1
DA:317,1
DA:318,1
DA:319,1
DA:320,3
DA:321,1
DA:322,1
DA:323,1
DA:332,0
DA:333,0
DA:334,0
DA:335,0
DA:337,0
DA:338,0
DA:339,0
DA:340,0
DA:343,0
DA:344,0
DA:345,0
DA:347,0
DA:350,0
DA:351,0
DA:352,0
DA:354,0
DA:355,0
DA:356,0
DA:364,0
DA:365,0
DA:367,0
DA:368,0
DA:369,0
DA:370,0
DA:371,0
DA:372,0
DA:373,0
DA:375,0
DA:376,0
DA:377,0
DA:383,0
DA:384,0
LF:213
LH:151
end_of_record
SF:lib/providers/provider_timer.dart
DA:8,0
DA:10,3
DA:16,0
DA:17,0
DA:18,0
DA:21,0
DA:22,0
DA:27,0
DA:28,0
DA:29,0
DA:31,0
DA:32,0
DA:33,0
DA:37,0
DA:38,0
DA:49,1
DA:58,1
DA:59,2
DA:60,3
DA:61,2
DA:62,1
DA:63,5
DA:65,3
DA:68,1
DA:69,2
DA:70,3
DA:71,1
DA:72,1
DA:74,1
DA:77,6
DA:85,3
DA:86,0
DA:87,2
DA:88,5
DA:90,1
DA:91,1
DA:92,2
DA:93,1
DA:96,1
DA:97,1
DA:98,2
DA:101,1
DA:102,3
DA:103,2
DA:107,3
DA:108,1
DA:115,3
DA:116,0
DA:117,0
DA:118,0
DA:120,0
DA:124,2
DA:125,1
DA:126,4
DA:129,0
DA:130,0
DA:131,0
DA:132,0
DA:133,0
DA:135,0
DA:138,0
DA:139,0
DA:141,0
DA:142,0
DA:143,0
DA:144,0
DA:145,0
DA:147,0
DA:148,0
DA:156,1
DA:157,5
DA:158,2
DA:159,5
DA:160,1
DA:161,2
DA:164,1
DA:165,5
DA:166,2
DA:167,2
DA:168,1
DA:169,1
DA:170,2
DA:174,1
DA:175,5
DA:176,3
DA:177,3
DA:178,0
DA:179,0
DA:180,0
DA:182,0
DA:185,1
DA:186,1
DA:187,2
DA:191,1
DA:192,2
DA:193,2
DA:195,2
DA:196,1
DA:197,2
DA:200,1
DA:201,3
DA:206,1
DA:207,1
DA:213,1
DA:215,1
DA:217,1
DA:218,1
DA:219,2
DA:220,1
DA:221,1
DA:222,1
DA:223,1
DA:224,1
DA:225,1
DA:226,1
DA:233,1
DA:234,2
DA:235,1
DA:236,1
DA:237,1
DA:240,1
DA:241,1
DA:243,1
DA:244,1
DA:246,1
DA:248,1
DA:249,1
DA:250,1
DA:251,0
DA:253,1
DA:254,3
DA:259,1
DA:260,1
DA:263,3
DA:264,1
DA:265,2
DA:266,1
DA:267,0
DA:269,1
DA:271,1
DA:272,1
DA:273,1
DA:274,1
DA:275,1
DA:276,1
DA:278,1
DA:279,1
DA:283,0
DA:284,0
DA:285,0
DA:286,0
DA:291,1
DA:292,1
DA:293,1
DA:294,0
DA:299,3
DA:300,1
DA:301,1
DA:303,1
DA:304,2
DA:305,1
DA:306,2
DA:307,1
DA:317,1
DA:318,2
DA:319,1
DA:320,1
DA:321,0
DA:323,1
DA:326,1
DA:329,1
DA:330,1
DA:332,1
DA:336,1
DA:337,1
DA:338,1
DA:341,1
DA:344,1
DA:345,3
DA:346,1
DA:348,1
DA:350,1
DA:351,1
DA:352,1
DA:353,1
DA:354,0
DA:357,0
DA:358,0
DA:359,0
DA:360,0
DA:363,1
DA:364,1
DA:365,0
DA:367,1
DA:368,1
DA:376,0
DA:377,0
DA:379,0
DA:380,0
DA:381,0
DA:382,0
DA:383,0
DA:384,0
DA:385,0
DA:387,0
DA:388,0
DA:389,0
DA:395,0
DA:396,0
DA:400,0
DA:401,0
DA:403,0
DA:409,0
DA:410,0
DA:417,0
DA:419,0
DA:420,0
DA:421,0
DA:424,0
DA:426,0
DA:427,0
DA:428,0
DA:430,0
DA:431,0
DA:432,0
DA:434,0
DA:436,0
DA:440,0
DA:441,0
DA:442,0
DA:443,0
DA:445,0
DA:450,0
DA:451,0
DA:452,0
DA:453,0
DA:455,0
DA:456,0
DA:457,0
DA:458,0
DA:459,0
DA:460,0
DA:461,0
DA:463,0
DA:466,0
LF:245
LH:143
end_of_record
SF:lib/providers/provider_worldclock.dart
DA:9,3
DA:16,3
DA:18,0
DA:19,0
DA:20,0
DA:23,0
DA:24,0
DA:26,0
DA:31,0
DA:32,0
DA:33,0
DA:35,0
DA:36,0
DA:37,0
DA:43,0
DA:54,3
DA:73,1
DA:74,2
DA:75,1
DA:76,1
DA:79,1
DA:80,1
DA:83,1
DA:84,0
DA:85,0
DA:87,2
DA:88,1
DA:91,5
DA:92,1
DA:95,1
DA:96,1
DA:99,2
DA:102,1
DA:103,1
DA:104,1
DA:105,2
DA:107,2
DA:108,0
DA:109,0
DA:110,0
DA:111,0
DA:112,0
DA:117,1
DA:118,2
DA:119,3
DA:123,3
DA:124,0
DA:128,2
DA:129,1
DA:130,1
DA:131,3
DA:134,1
DA:135,2
DA:137,2
DA:138,1
DA:139,1
DA:140,3
DA:143,1
DA:144,1
DA:147,1
DA:148,1
DA:149,1
DA:155,1
DA:156,1
DA:158,2
DA:159,2
DA:160,2
DA:162,1
DA:163,1
DA:164,1
DA:165,1
DA:166,1
DA:167,1
DA:168,1
DA:169,1
DA:170,1
DA:173,1
DA:176,1
DA:177,1
DA:178,3
DA:179,3
DA:180,1
DA:183,1
DA:184,1
DA:187,1
DA:188,1
DA:189,1
DA:190,2
DA:191,2
DA:192,0
DA:196,1
DA:197,1
DA:198,1
DA:199,2
DA:205,0
DA:207,0
DA:208,0
DA:209,0
DA:214,1
DA:215,1
DA:220,0
DA:221,0
DA:222,0
DA:223,0
DA:224,0
DA:226,0
DA:227,0
DA:228,0
DA:233,0
DA:235,0
DA:236,0
DA:237,0
DA:240,0
DA:241,0
DA:242,0
DA:243,0
DA:244,0
DA:245,0
DA:246,0
DA:247,0
DA:248,0
DA:249,0
DA:250,0
DA:256,0
DA:257,0
DA:258,0
DA:259,0
DA:266,0
DA:267,0
DA:268,0
DA:270,0
DA:271,0
DA:272,0
DA:273,0
DA:274,0
DA:275,0
DA:276,0
DA:278,0
DA:279,0
DA:280,0
DA:286,0
DA:287,0
DA:291,1
DA:293,1
DA:294,1
DA:296,1
DA:297,2
DA:298,1
DA:299,1
DA:300,1
DA:303,1
DA:304,1
DA:306,1
DA:307,1
DA:309,1
DA:311,1
DA:312,1
DA:313,0
DA:315,1
DA:316,3
DA:321,1
DA:322,1
DA:323,1
DA:324,1
DA:325,1
DA:327,1
DA:329,4
DA:334,0
DA:336,0
DA:337,0
DA:338,0
DA:339,0
DA:340,0
DA:341,0
DA:343,0
DA:344,0
DA:346,0
DA:348,0
DA:349,0
DA:350,0
DA:352,0
DA:355,0
DA:358,0
DA:359,0
DA:360,0
DA:362,0
DA:363,0
DA:364,0
DA:365,0
DA:367,0
DA:368,0
DA:369,0
DA:372,0
DA:375,0
LF:194
LH:98
end_of_record
SF:lib/providers/provider_countdown.dart
DA:9,3
DA:11,3
DA:18,0
DA:19,0
DA:20,0
DA:23,0
DA:24,0
DA:26,0
DA:27,0
DA:29,0
DA:34,0
DA:35,0
DA:36,0
DA:38,0
DA:39,0
DA:40,0
DA:46,0
DA:47,0
DA:50,0
DA:51,0
DA:53,0
DA:57,0
DA:58,0
DA:60,0
DA:69,1
DA:75,2
DA:76,1
DA:77,2
DA:78,2
DA:81,2
DA:82,1
DA:83,2
DA:84,2
DA:97,3
DA:98,3
DA:99,2
DA:100,0
DA:102,1
DA:103,2
DA:104,1
DA:105,1
DA:106,1
DA:107,5
DA:108,1
DA:111,1
DA:112,1
DA:115,1
DA:118,0
DA:119,0
DA:120,0
DA:121,0
DA:122,0
DA:123,0
DA:124,0
DA:127,0
DA:129,0
DA:130,0
DA:131,0
DA:132,0
DA:133,0
DA:134,0
DA:136,0
DA:141,1
DA:142,1
DA:146,3
DA:147,5
DA:148,2
DA:149,1
DA:150,5
DA:152,0
DA:156,1
DA:157,1
DA:158,1
DA:159,2
DA:161,2
DA:162,0
DA:163,0
DA:164,0
DA:165,0
DA:166,0
DA:171,0
DA:172,0
DA:173,0
DA:174,0
DA:177,1
DA:178,2
DA:180,1
DA:181,1
DA:183,1
DA:186,2
DA:188,3
DA:189,2
DA:192,1
DA:193,1
DA:194,3
DA:197,1
DA:198,4
DA:199,2
DA:200,0
DA:204,3
DA:205,1
DA:207,3
DA:209,1
DA:210,1
DA:211,3
DA:214,1
DA:215,4
DA:217,3
DA:218,2
DA:219,1
DA:220,1
DA:221,3
DA:224,1
DA:225,2
DA:226,1
DA:227,1
DA:228,2
DA:231,1
DA:232,1
DA:233,2
DA:234,1
DA:237,1
DA:238,3
DA:241,1
DA:242,1
DA:244,1
DA:248,1
DA:249,2
DA:250,2
DA:252,1
DA:253,1
DA:254,0
DA:255,0
DA:257,0
DA:261,0
DA:262,0
DA:264,0
DA:268,0
DA:269,0
DA:270,0
DA:271,0
DA:273,0
DA:274,0
DA:275,0
DA:276,0
DA:277,0
DA:278,0
DA:279,0
DA:280,0
DA:282,0
DA:286,0
DA:288,0
DA:289,0
DA:290,0
DA:295,1
DA:296,1
DA:300,1
DA:302,1
DA:304,1
DA:305,1
DA:306,2
DA:307,1
DA:308,1
DA:309,1
DA:310,1
DA:311,1
DA:312,1
DA:313,1
DA:320,0
DA:321,0
DA:322,0
DA:323,0
DA:324,0
DA:327,0
DA:328,0
DA:330,0
DA:331,0
DA:333,0
DA:335,0
DA:337,0
DA:338,0
DA:339,0
DA:340,0
DA:341,0
DA:343,0
DA:344,0
DA:347,0
DA:348,0
DA:349,0
DA:356,0
DA:357,0
DA:358,0
DA:359,0
DA:360,0
DA:362,0
DA:364,0
DA:369,0
DA:371,0
DA:372,0
DA:373,0
DA:374,0
DA:375,0
DA:384,0
DA:385,0
DA:386,0
DA:387,0
DA:388,0
DA:391,0
DA:395,0
DA:396,0
DA:398,0
DA:401,0
DA:404,0
DA:405,0
DA:406,0
DA:407,0
DA:409,0
DA:410,0
DA:411,0
DA:413,0
DA:415,0
DA:418,0
DA:421,0
DA:425,0
DA:426,0
DA:429,0
DA:430,0
DA:432,0
DA:433,0
DA:434,0
DA:435,0
DA:436,0
DA:437,0
DA:438,0
DA:440,0
DA:441,0
DA:442,0
DA:448,0
DA:449,0
DA:455,0
DA:456,0
DA:465,0
DA:467,0
DA:468,0
DA:471,0
DA:472,0
DA:474,0
DA:475,0
DA:476,0
DA:478,0
DA:479,0
DA:480,0
DA:485,0
DA:486,0
DA:488,0
DA:490,0
DA:491,0
DA:492,0
DA:493,0
DA:494,0
DA:495,0
DA:496,0
DA:497,0
DA:498,0
DA:504,0
DA:506,0
DA:507,0
DA:508,0
DA:509,0
DA:511,0
DA:512,0
DA:513,0
DA:514,0
DA:516,0
DA:520,0
DA:521,0
DA:522,0
DA:523,0
DA:524,0
DA:525,0
DA:527,0
DA:528,0
DA:529,0
DA:530,0
DA:531,0
DA:532,0
DA:533,0
DA:534,0
DA:535,0
DA:536,0
DA:537,0
DA:539,0
DA:541,0
DA:542,0
DA:543,0
DA:544,0
DA:554,0
DA:555,0
DA:556,0
DA:557,0
DA:559,0
DA:560,0
DA:561,0
DA:562,0
DA:563,0
DA:566,0
DA:577,0
DA:582,0
DA:583,0
DA:592,0
DA:594,0
DA:595,0
DA:596,0
DA:597,0
DA:598,0
DA:601,0
DA:603,0
DA:604,0
DA:607,0
DA:608,0
DA:610,0
DA:611,0
DA:612,0
DA:615,0
DA:616,0
DA:617,0
DA:618,0
DA:619,0
DA:620,0
DA:621,0
DA:627,0
DA:628,0
DA:630,0
DA:633,0
DA:634,0
DA:635,0
DA:636,0
DA:637,0
DA:638,0
DA:639,0
DA:640,0
DA:646,0
DA:648,0
DA:649,0
DA:650,0
DA:651,0
DA:653,0
DA:654,0
DA:655,0
DA:656,0
DA:658,0
DA:662,0
DA:663,0
DA:664,0
DA:665,0
DA:666,0
DA:667,0
DA:669,0
DA:670,0
DA:671,0
DA:672,0
DA:673,0
DA:674,0
DA:675,0
DA:676,0
DA:677,0
DA:678,0
DA:679,0
DA:681,0
DA:683,0
DA:684,0
DA:685,0
DA:686,0
DA:688,0
DA:697,0
DA:698,0
DA:699,0
DA:700,0
DA:702,0
DA:703,0
DA:704,0
DA:705,0
DA:706,0
DA:709,0
DA:710,0
DA:713,0
DA:714,0
DA:715,0
DA:716,0
DA:718,0
LF:390
LH:96
end_of_record
SF:lib/providers/provider_unitconverter.dart
DA:7,0
DA:9,3
DA:15,0
DA:16,0
DA:17,0
DA:20,0
DA:21,0
DA:26,0
DA:27,0
DA:28,0
DA:30,0
DA:31,0
DA:32,0
DA:36,0
DA:37,0
DA:47,1
DA:73,1
DA:74,1
DA:75,5
DA:76,3
DA:77,1
DA:88,1
DA:97,4
DA:98,4
DA:111,2
DA:112,2
DA:113,2
DA:114,2
DA:115,2
DA:116,2
DA:117,3
DA:118,3
DA:120,3
DA:122,1
DA:123,1
DA:124,1
DA:125,1
DA:126,2
DA:127,1
DA:130,1
DA:131,1
DA:132,2
DA:135,1
DA:136,1
DA:137,1
DA:138,1
DA:139,1
DA:142,1
DA:143,2
DA:144,1
DA:145,2
DA:146,4
DA:150,1
DA:151,1
DA:152,3
DA:153,1
DA:154,3
DA:155,1
DA:157,1
DA:158,1
DA:161,1
DA:162,1
DA:163,3
DA:164,0
DA:165,0
DA:166,0
DA:168,1
DA:169,1
DA:172,1
DA:173,1
DA:174,1
DA:175,1
DA:178,1
DA:179,1
DA:180,2
DA:181,1
DA:183,1
DA:184,1
DA:185,2
DA:187,1
DA:188,1
DA:189,2
DA:192,1
DA:193,1
DA:194,1
DA:195,1
DA:196,2
DA:199,1
DA:200,2
DA:202,1
DA:206,3
DA:207,2
DA:210,1
DA:211,1
DA:213,2
DA:214,2
DA:216,1
DA:217,0
DA:221,1
DA:222,1
DA:223,1
DA:224,1
DA:225,1
DA:226,1
DA:232,1
DA:236,1
DA:239,1
DA:240,3
DA:242,0
DA:243,0
DA:250,1
DA:252,1
DA:253,3
DA:254,1
DA:255,1
DA:261,1
DA:273,2
DA:274,2
DA:277,1
DA:286,2
DA:287,2
DA:290,1
DA:291,2
DA:292,2
DA:294,1
DA:295,2
DA:296,2
DA:300,1
DA:301,2
DA:302,1
DA:304,2
DA:307,3
DA:309,1
DA:311,1
DA:312,1
DA:313,1
DA:316,3
DA:317,2
DA:320,1
DA:321,2
DA:324,1
DA:325,2
DA:326,1
DA:327,2
DA:330,1
DA:331,2
DA:332,2
DA:333,2
DA:334,3
DA:335,1
DA:336,1
DA:341,1
DA:342,1
DA:348,1
DA:350,1
DA:351,2
DA:353,1
DA:354,1
DA:355,2
DA:356,1
DA:357,1
DA:358,1
DA:359,1
DA:360,1
DA:361,1
DA:362,1
DA:369,1
DA:370,2
DA:371,1
DA:372,1
DA:373,1
DA:375,1
DA:376,1
DA:378,1
DA:379,1
DA:381,1
DA:383,1
DA:385,1
DA:386,1
DA:387,0
DA:388,0
DA:389,0
DA:390,0
DA:391,0
DA:392,0
DA:395,1
DA:396,0
DA:397,0
DA:398,0
DA:400,0
DA:401,0
DA:408,1
DA:409,1
DA:410,1
DA:417,1
DA:418,1
DA:420,1
DA:421,1
DA:422,1
DA:423,1
DA:428,1
DA:429,1
DA:430,1
DA:431,1
DA:433,1
DA:434,1
DA:436,1
DA:438,1
DA:439,1
DA:441,1
DA:443,1
DA:444,1
DA:447,1
DA:448,0
DA:449,0
DA:451,1
DA:457,1
DA:458,1
DA:459,1
DA:460,2
DA:461,1
DA:462,1
DA:463,1
DA:464,1
DA:465,4
DA:468,2
DA:473,1
DA:474,1
DA:476,1
DA:477,2
DA:478,1
DA:479,1
DA:484,1
DA:485,1
DA:487,1
DA:488,2
DA:489,1
DA:490,1
DA:495,1
DA:496,1
DA:498,1
DA:501,1
DA:502,2
DA:503,1
DA:504,1
DA:506,1
DA:507,1
DA:508,1
DA:511,1
DA:512,0
DA:515,0
DA:517,0
DA:524,1
DA:525,3
DA:528,1
DA:529,1
DA:531,1
DA:532,1
DA:533,1
DA:534,1
DA:535,1
DA:538,1
DA:540,2
DA:541,0
DA:544,1
DA:545,1
DA:546,1
DA:547,1
DA:548,1
DA:549,2
DA:551,1
DA:552,1
DA:553,1
DA:560,0
DA:561,0
DA:562,0
DA:563,0
DA:565,0
DA:566,0
DA:567,0
DA:568,0
DA:571,0
DA:572,0
DA:573,0
DA:574,0
DA:576,0
DA:577,0
DA:578,0
DA:586,0
DA:587,0
DA:589,0
DA:590,0
DA:591,0
DA:592,0
DA:593,0
DA:594,0
DA:595,0
DA:597,0
DA:598,0
DA:599,0
DA:605,0
DA:606,0
LF:302
LH:236
end_of_record
SF:lib/action.dart
DA:14,1
DA:20,1
DA:21,2
DA:22,1
DA:23,1
DA:26,1
DA:27,2
DA:28,1
DA:31,5
DA:33,1
DA:34,5
DA:37,1
DA:38,3
LF:13
LH:13
end_of_record
SF:lib/provider.dart
DA:26,1
DA:27,3
DA:41,1
DA:46,1
DA:47,1
DA:48,1
DA:49,1
DA:53,1
DA:54,1
DA:56,2
DA:57,2
LF:11
LH:11
end_of_record
SF:lib/logger.dart
DA:11,1
DA:18,1
DA:19,1
DA:20,1
DA:22,1
DA:24,1
DA:26,1
DA:31,1
DA:32,1
DA:33,1
DA:35,1
DA:37,1
DA:39,1
DA:46,3
DA:47,2
DA:48,1
DA:53,3
DA:55,1
DA:56,1
DA:57,1
DA:63,2
DA:65,3
DA:66,2
DA:69,1
DA:71,6
DA:74,1
DA:75,1
DA:78,1
DA:79,1
DA:82,1
DA:83,1
DA:86,1
DA:87,1
DA:90,1
DA:91,2
DA:92,1
DA:95,1
DA:96,6
DA:99,1
DA:100,6
DA:103,1
DA:104,1
DA:105,6
DA:106,1
LF:44
LH:44
end_of_record
SF:lib/main.dart
DA:24,1
DA:25,1
DA:32,1
DA:34,1
DA:35,3
DA:36,4
DA:37,3
DA:40,1
DA:42,3
DA:43,1
DA:46,1
DA:47,3
DA:48,2
DA:49,3
DA:53,1
DA:54,2
DA:55,2
DA:56,4
DA:59,1
DA:61,1
DA:62,1
DA:64,1
DA:66,1
DA:67,1
DA:68,1
DA:69,1
DA:70,1
DA:76,1
DA:78,1
DA:79,1
DA:84,0
DA:87,0
DA:88,0
DA:90,0
DA:92,0
DA:93,0
DA:94,0
DA:95,0
DA:96,0
DA:97,0
DA:98,0
DA:99,0
DA:100,0
DA:101,0
DA:102,0
DA:103,0
DA:104,0
DA:105,0
DA:106,0
DA:107,0
DA:108,0
DA:109,0
DA:110,0
DA:112,0
DA:117,0
DA:118,0
DA:122,0
DA:124,0
DA:125,0
DA:128,0
DA:130,0
DA:131,0
DA:132,0
DA:135,0
DA:137,0
DA:140,0
DA:142,0
DA:143,0
DA:144,0
DA:145,0
DA:151,1
DA:152,1
DA:156,0
DA:157,0
DA:158,0
DA:160,0
DA:162,0
DA:167,1
DA:169,1
DA:170,1
DA:171,2
DA:173,1
DA:175,0
DA:177,2
DA:178,1
DA:179,1
DA:180,1
DA:181,2
DA:184,1
DA:185,4
DA:186,1
DA:190,1
DA:191,1
DA:192,2
DA:193,1
DA:195,2
DA:196,0
DA:197,0
DA:198,0
DA:199,0
DA:200,0
DA:202,0
DA:206,1
DA:207,1
DA:208,0
DA:209,0
DA:211,1
DA:212,1
DA:213,1
DA:215,1
DA:218,0
DA:219,0
DA:220,0
DA:221,0
DA:227,2
LF:115
LH:57
end_of_record
SF:lib/providers/provider_settings.dart
DA:6,3
DA:12,1
DA:15,1
DA:16,1
DA:17,2
DA:19,1
DA:21,0
DA:22,0
DA:23,0
DA:28,1
DA:29,2
DA:31,1
DA:33,0
DA:35,0
DA:36,0
DA:41,2
DA:43,1
DA:45,0
DA:46,0
DA:52,0
DA:53,0
LF:21
LH:11
end_of_record
SF:lib/providers/provider_system.dart
DA:8,3
DA:14,0
DA:15,0
DA:16,0
DA:19,0
DA:20,0
DA:22,0
DA:24,0
DA:27,0
DA:29,0
DA:33,0
DA:34,0
DA:35,0
DA:36,0
DA:40,0
DA:42,0
DA:45,0
DA:47,0
DA:50,0
DA:52,0
DA:53,0
DA:55,0
DA:56,0
DA:59,0
DA:61,0
DA:64,0
DA:66,0
DA:70,0
DA:71,0
DA:72,0
DA:73,0
DA:74,0
DA:78,0
DA:80,0
DA:83,0
DA:85,0
DA:88,0
DA:90,0
DA:94,0
DA:95,0
DA:96,0
DA:97,0
DA:98,0
DA:102,0
DA:104,0
DA:107,0
DA:109,0
DA:112,0
DA:114,0
DA:115,0
DA:116,0
DA:120,0
DA:123,0
DA:124,0
DA:125,0
DA:128,0
DA:133,0
DA:134,0
LF:58
LH:1
end_of_record
SF:lib/providers/provider_theme.dart
DA:7,3
DA:13,0
DA:14,0
DA:15,0
DA:19,0
DA:24,0
DA:25,0
DA:28,1
DA:29,1
DA:32,1
DA:33,3
DA:36,1
DA:40,1
DA:43,1
DA:45,1
DA:46,1
DA:47,0
DA:52,1
DA:53,0
DA:58,1
DA:65,1
DA:67,1
DA:69,3
DA:72,2
DA:76,1
DA:77,1
DA:78,2
DA:79,2
DA:80,2
DA:84,2
LF:30
LH:22
end_of_record
SF:lib/providers/provider_time.dart
DA:15,3
DA:21,0
DA:22,0
DA:23,0
DA:27,0
DA:28,0
DA:33,0
DA:34,0
DA:37,0
DA:38,0
DA:43,0
DA:44,0
DA:45,0
DA:46,0
DA:49,0
DA:51,0
DA:55,0
DA:57,0
DA:65,0
DA:67,0
DA:69,0
DA:73,0
DA:74,0
DA:75,0
DA:84,0
DA:86,0
DA:87,0
DA:89,0
DA:90,0
DA:91,0
DA:92,0
DA:95,0
DA:96,0
DA:97,0
DA:98,0
DA:99,0
DA:100,0
DA:101,0
DA:107,0
DA:109,0
DA:112,0
DA:114,0
DA:115,0
DA:116,0
DA:117,0
DA:120,0
DA:122,0
DA:125,0
DA:126,0
DA:128,0
DA:130,0
DA:132,0
DA:134,0
DA:136,0
DA:156,0
DA:158,0
DA:159,0
DA:160,0
DA:161,0
DA:164,0
DA:165,0
DA:166,0
DA:167,0
DA:170,0
DA:171,0
DA:172,0
DA:173,0
DA:176,0
DA:178,0
DA:179,0
DA:180,0
DA:181,0
DA:182,0
DA:184,0
DA:188,0
DA:189,0
LF:76
LH:1
end_of_record
SF:lib/providers/provider_wallpaper.dart
DA:18,3
DA:24,0
DA:32,0
DA:33,0
DA:34,0
DA:38,0
DA:43,0
DA:44,0
DA:47,0
DA:48,0
DA:51,0
DA:53,0
DA:55,0
DA:56,0
DA:57,0
DA:58,0
DA:59,0
DA:62,0
DA:63,0
DA:64,0
DA:65,0
DA:66,0
DA:71,0
DA:74,0
DA:75,0
DA:76,0
DA:79,0
DA:80,0
DA:81,0
DA:82,0
DA:83,0
DA:84,0
DA:86,0
DA:88,0
DA:89,0
DA:90,0
DA:93,0
DA:94,0
DA:98,0
DA:99,0
DA:100,0
DA:102,0
DA:103,0
DA:105,0
DA:107,0
DA:108,0
DA:109,0
DA:111,0
DA:112,0
DA:113,0
LF:50
LH:1
end_of_record
